09-Apr-2020 12:00:08.463 정보 [main] org.apache.catalina.startup.VersionLoggerListener.log 서버 버전 이름:        Apache Tomcat/9.0.33
09-Apr-2020 12:00:08.484 정보 [main] org.apache.catalina.startup.VersionLoggerListener.log Server 빌드 시각:          Mar 11 2020 09:31:38 UTC
09-Apr-2020 12:00:08.485 정보 [main] org.apache.catalina.startup.VersionLoggerListener.log Server 버전 번호:         9.0.33.0
09-Apr-2020 12:00:08.485 정보 [main] org.apache.catalina.startup.VersionLoggerListener.log 운영체제 이름:               Windows 10
09-Apr-2020 12:00:08.485 정보 [main] org.apache.catalina.startup.VersionLoggerListener.log 운영체제 버전:            10.0
09-Apr-2020 12:00:08.485 정보 [main] org.apache.catalina.startup.VersionLoggerListener.log 아키텍처:          amd64
09-Apr-2020 12:00:08.485 정보 [main] org.apache.catalina.startup.VersionLoggerListener.log 자바 홈:             C:\Program Files\Java\jdk1.8.0_241\jre
09-Apr-2020 12:00:08.485 정보 [main] org.apache.catalina.startup.VersionLoggerListener.log JVM 버전:           1.8.0_241-b07
09-Apr-2020 12:00:08.486 정보 [main] org.apache.catalina.startup.VersionLoggerListener.log JVM 벤더:            Oracle Corporation
09-Apr-2020 12:00:08.486 정보 [main] org.apache.catalina.startup.VersionLoggerListener.log CATALINA_BASE:         D:\Jihee\WebJSP\Utils\apache-tomcat-9.0.33
09-Apr-2020 12:00:08.486 정보 [main] org.apache.catalina.startup.VersionLoggerListener.log CATALINA_HOME:         D:\Jihee\WebJSP\Utils\apache-tomcat-9.0.33
09-Apr-2020 12:00:08.488 정보 [main] org.apache.catalina.startup.VersionLoggerListener.log 명령 행 아규먼트: -Djava.util.logging.config.file=D:\Jihee\WebJSP\Utils\apache-tomcat-9.0.33\conf\logging.properties
09-Apr-2020 12:00:08.489 정보 [main] org.apache.catalina.startup.VersionLoggerListener.log 명령 행 아규먼트: -Djava.util.logging.manager=org.apache.juli.ClassLoaderLogManager
09-Apr-2020 12:00:08.489 정보 [main] org.apache.catalina.startup.VersionLoggerListener.log 명령 행 아규먼트: -Djdk.tls.ephemeralDHKeySize=2048
09-Apr-2020 12:00:08.490 정보 [main] org.apache.catalina.startup.VersionLoggerListener.log 명령 행 아규먼트: -Djava.protocol.handler.pkgs=org.apache.catalina.webresources
09-Apr-2020 12:00:08.491 정보 [main] org.apache.catalina.startup.VersionLoggerListener.log 명령 행 아규먼트: -Dignore.endorsed.dirs=
09-Apr-2020 12:00:08.491 정보 [main] org.apache.catalina.startup.VersionLoggerListener.log 명령 행 아규먼트: -Dcatalina.base=D:\Jihee\WebJSP\Utils\apache-tomcat-9.0.33
09-Apr-2020 12:00:08.492 정보 [main] org.apache.catalina.startup.VersionLoggerListener.log 명령 행 아규먼트: -Dcatalina.home=D:\Jihee\WebJSP\Utils\apache-tomcat-9.0.33
09-Apr-2020 12:00:08.492 정보 [main] org.apache.catalina.startup.VersionLoggerListener.log 명령 행 아규먼트: -Djava.io.tmpdir=D:\Jihee\WebJSP\Utils\apache-tomcat-9.0.33\temp
09-Apr-2020 12:00:08.495 정보 [main] org.apache.catalina.core.AprLifecycleListener.lifecycleEvent 프로덕션 환경들에서 최적의 성능을 제공하는, APR 기반 Apache Tomcat Native 라이브러리가, 다음 java.library.path에서 발견되지 않습니다: [C:\Program Files\Java\jdk1.8.0_241\bin;C:\WINDOWS\Sun\Java\bin;C:\WINDOWS\system32;C:\WINDOWS;C:\oraclexe\app\oracle\product\11.2.0\server\bin;;C:\oraclexe\app\oracle\product\11.2.0\server\bin;C:\Program Files (x86)\Common Files\Oracle\Java\javapath;C:\WINDOWS\system32;C:\WINDOWS;C:\WINDOWS\System32\Wbem;C:\WINDOWS\System32\WindowsPowerShell\v1.0\;C:\WINDOWS\System32\OpenSSH\;C:\Program Files (x86)\Brackets\command;C:\Program Files\nodejs\;D:\apache-maven-3.6.3-bin\apache-maven-3.6.3\bin;C:\Program Files\Java\jdk1.8.0_241\bin;C:\Program Files\Git\cmd;C:\Users\bitcamp\AppData\Local\Microsoft\WindowsApps;C:\Users\bitcamp\AppData\Roaming\npm;C:\Program Files\Bandizip\;C:\Users\bitcamp\AppData\Local\Programs\Microsoft VS Code\bin;.]
09-Apr-2020 12:00:09.068 정보 [main] org.apache.coyote.AbstractProtocol.init 프로토콜 핸들러 ["http-nio-8080"]을(를) 초기화합니다.
09-Apr-2020 12:00:09.224 심각 [main] org.apache.catalina.util.LifecycleBase.handleSubClassException 구성요소 [Connector[HTTP/1.1-8080]]을(를) 초기화하지 못했습니다.
	org.apache.catalina.LifecycleException: 프로토콜 핸들러 초기화가 실패했습니다.
		at org.apache.catalina.connector.Connector.initInternal(Connector.java:1013)
		at org.apache.catalina.util.LifecycleBase.init(LifecycleBase.java:136)
		at org.apache.catalina.core.StandardService.initInternal(StandardService.java:533)
		at org.apache.catalina.util.LifecycleBase.init(LifecycleBase.java:136)
		at org.apache.catalina.core.StandardServer.initInternal(StandardServer.java:1057)
		at org.apache.catalina.util.LifecycleBase.init(LifecycleBase.java:136)
		at org.apache.catalina.startup.Catalina.load(Catalina.java:584)
		at org.apache.catalina.startup.Catalina.load(Catalina.java:607)
		at sun.reflect.NativeMethodAccessorImpl.invoke0(Native Method)
		at sun.reflect.NativeMethodAccessorImpl.invoke(NativeMethodAccessorImpl.java:62)
		at sun.reflect.DelegatingMethodAccessorImpl.invoke(DelegatingMethodAccessorImpl.java:43)
		at java.lang.reflect.Method.invoke(Method.java:498)
		at org.apache.catalina.startup.Bootstrap.load(Bootstrap.java:303)
		at org.apache.catalina.startup.Bootstrap.main(Bootstrap.java:473)
	Caused by: java.net.BindException: Address already in use: bind
		at sun.nio.ch.Net.bind0(Native Method)
		at sun.nio.ch.Net.bind(Net.java:433)
		at sun.nio.ch.Net.bind(Net.java:425)
		at sun.nio.ch.ServerSocketChannelImpl.bind(ServerSocketChannelImpl.java:223)
		at sun.nio.ch.ServerSocketAdaptor.bind(ServerSocketAdaptor.java:74)
		at org.apache.tomcat.util.net.NioEndpoint.initServerSocket(NioEndpoint.java:229)
		at org.apache.tomcat.util.net.NioEndpoint.bind(NioEndpoint.java:212)
		at org.apache.tomcat.util.net.AbstractEndpoint.bindWithCleanup(AbstractEndpoint.java:1141)
		at org.apache.tomcat.util.net.AbstractEndpoint.init(AbstractEndpoint.java:1154)
		at org.apache.coyote.AbstractProtocol.init(AbstractProtocol.java:581)
		at org.apache.coyote.http11.AbstractHttp11Protocol.init(AbstractHttp11Protocol.java:74)
		at org.apache.catalina.connector.Connector.initInternal(Connector.java:1010)
		... 13 more
09-Apr-2020 12:00:09.231 정보 [main] org.apache.catalina.startup.Catalina.load [958] 밀리초 내에 서버가 초기화되었습니다.
09-Apr-2020 12:00:09.260 정보 [main] org.apache.catalina.core.StandardService.startInternal 서비스 [Catalina]을(를) 시작합니다.
09-Apr-2020 12:00:09.262 정보 [main] org.apache.catalina.core.StandardEngine.startInternal 서버 엔진을 시작합니다: [Apache Tomcat/9.0.33]
09-Apr-2020 12:00:09.273 정보 [main] org.apache.catalina.startup.HostConfig.deployDirectory 웹 애플리케이션 디렉토리 [D:\Jihee\WebJSP\Utils\apache-tomcat-9.0.33\webapps\docs]을(를) 배치합니다.
09-Apr-2020 12:00:09.480 정보 [main] org.apache.catalina.startup.HostConfig.deployDirectory 웹 애플리케이션 디렉토리 [D:\Jihee\WebJSP\Utils\apache-tomcat-9.0.33\webapps\docs]에 대한 배치가 [207] 밀리초에 완료되었습니다.
09-Apr-2020 12:00:09.484 정보 [main] org.apache.catalina.startup.HostConfig.deployDirectory 웹 애플리케이션 디렉토리 [D:\Jihee\WebJSP\Utils\apache-tomcat-9.0.33\webapps\examples]을(를) 배치합니다.
09-Apr-2020 12:00:09.725 정보 [main] org.apache.catalina.startup.HostConfig.deployDirectory 웹 애플리케이션 디렉토리 [D:\Jihee\WebJSP\Utils\apache-tomcat-9.0.33\webapps\examples]에 대한 배치가 [242] 밀리초에 완료되었습니다.
09-Apr-2020 12:00:09.727 정보 [main] org.apache.catalina.startup.HostConfig.deployDirectory 웹 애플리케이션 디렉토리 [D:\Jihee\WebJSP\Utils\apache-tomcat-9.0.33\webapps\host-manager]을(를) 배치합니다.
09-Apr-2020 12:00:09.750 정보 [main] org.apache.catalina.startup.HostConfig.deployDirectory 웹 애플리케이션 디렉토리 [D:\Jihee\WebJSP\Utils\apache-tomcat-9.0.33\webapps\host-manager]에 대한 배치가 [23] 밀리초에 완료되었습니다.
09-Apr-2020 12:00:09.753 정보 [main] org.apache.catalina.startup.HostConfig.deployDirectory 웹 애플리케이션 디렉토리 [D:\Jihee\WebJSP\Utils\apache-tomcat-9.0.33\webapps\manager]을(를) 배치합니다.
09-Apr-2020 12:00:09.772 정보 [main] org.apache.catalina.startup.HostConfig.deployDirectory 웹 애플리케이션 디렉토리 [D:\Jihee\WebJSP\Utils\apache-tomcat-9.0.33\webapps\manager]에 대한 배치가 [19] 밀리초에 완료되었습니다.
09-Apr-2020 12:00:09.774 정보 [main] org.apache.catalina.startup.HostConfig.deployDirectory 웹 애플리케이션 디렉토리 [D:\Jihee\WebJSP\Utils\apache-tomcat-9.0.33\webapps\ROOT]을(를) 배치합니다.
09-Apr-2020 12:00:09.790 정보 [main] org.apache.catalina.startup.HostConfig.deployDirectory 웹 애플리케이션 디렉토리 [D:\Jihee\WebJSP\Utils\apache-tomcat-9.0.33\webapps\ROOT]에 대한 배치가 [16] 밀리초에 완료되었습니다.
09-Apr-2020 12:00:09.795 정보 [main] org.apache.catalina.startup.Catalina.start 서버가 [562] 밀리초 내에 시작되었습니다.
09-Apr-2020 12:01:50.564 정보 [main] org.apache.catalina.core.StandardServer.await 셧다운 포트를 통해 유효한 셧다운 명령을 받았습니다. 서버 인스턴스를 중지시킵니다.
